<?xml version="1.0" encoding="UTF-8"?>
<testng-results ignored="0" total="1" passed="1" failed="0" skipped="0">
  <reporter-output>
  </reporter-output>
  <suite started-at="2022-08-03T04:00:01 AST" name="Default suite" finished-at="2022-08-03T04:00:22 AST" duration-ms="20907">
    <groups>
    </groups>
    <test started-at="2022-08-03T04:00:01 AST" name="Default test" finished-at="2022-08-03T04:00:22 AST" duration-ms="20907">
      <class name="ass4W9D3.ChromeWebDriverAss4W9D3">
        <test-method is-config="true" signature="setUp()[pri:0, instance:ass4W9D3.ChromeWebDriverAss4W9D3@222114ba]" started-at="2022-08-03T04:00:01 AST" name="setUp" finished-at="2022-08-03T04:00:12 AST" duration-ms="11119" status="PASS">
          <reporter-output>
          </reporter-output>
        </test-method> <!-- setUp -->
        <test-method signature="LearnEnglishWebSite()[pri:0, instance:ass4W9D3.ChromeWebDriverAss4W9D3@222114ba]" started-at="2022-08-03T04:00:12 AST" name="LearnEnglishWebSite" finished-at="2022-08-03T04:00:22 AST" duration-ms="9352" status="PASS">
          <reporter-output>
          </reporter-output>
        </test-method> <!-- LearnEnglishWebSite -->
        <test-method is-config="true" signature="terminateBrowser()[pri:0, instance:ass4W9D3.ChromeWebDriverAss4W9D3@222114ba]" started-at="2022-08-03T04:00:22 AST" name="terminateBrowser" finished-at="2022-08-03T04:00:22 AST" duration-ms="391" status="PASS">
          <reporter-output>
          </reporter-output>
        </test-method> <!-- terminateBrowser -->
      </class> <!-- ass4W9D3.ChromeWebDriverAss4W9D3 -->
    </test> <!-- Default test -->
  </suite> <!-- Default suite -->
</testng-results>
